{"/Users/oskareriksson/repos/restaurant/server.js":{"path":"/Users/oskareriksson/repos/restaurant/server.js","s":{"1":1,"2":1,"3":1,"4":1,"5":1,"6":1,"7":1,"8":1,"9":1,"10":1,"11":1,"12":1,"13":1,"14":1,"15":1,"16":1,"17":1,"18":1,"19":1,"20":1,"21":1,"22":1,"23":1,"24":1,"25":1,"26":1,"27":1,"28":1,"29":1,"30":1,"31":1,"32":0,"33":1,"34":1,"35":1,"36":1,"37":1,"38":1,"39":0,"40":0,"41":1},"b":{},"f":{"1":0},"fnMap":{"1":{"name":"(anonymous_1)","line":61,"loc":{"start":{"line":61,"column":8},"end":{"line":61,"column":34}}}},"statementMap":{"1":{"start":{"line":1,"column":0},"end":{"line":1,"column":27}},"2":{"start":{"line":2,"column":0},"end":{"line":2,"column":35}},"3":{"start":{"line":3,"column":0},"end":{"line":3,"column":20}},"4":{"start":{"line":4,"column":0},"end":{"line":4,"column":35}},"5":{"start":{"line":5,"column":0},"end":{"line":5,"column":37}},"6":{"start":{"line":6,"column":0},"end":{"line":6,"column":29}},"7":{"start":{"line":7,"column":0},"end":{"line":7,"column":42}},"8":{"start":{"line":8,"column":0},"end":{"line":8,"column":37}},"9":{"start":{"line":9,"column":0},"end":{"line":9,"column":46}},"10":{"start":{"line":10,"column":0},"end":{"line":10,"column":43}},"11":{"start":{"line":11,"column":0},"end":{"line":11,"column":33}},"12":{"start":{"line":14,"column":0},"end":{"line":14,"column":41}},"13":{"start":{"line":17,"column":0},"end":{"line":17,"column":45}},"14":{"start":{"line":18,"column":0},"end":{"line":18,"column":48}},"15":{"start":{"line":19,"column":0},"end":{"line":19,"column":62}},"16":{"start":{"line":22,"column":0},"end":{"line":22,"column":48}},"17":{"start":{"line":23,"column":0},"end":{"line":23,"column":30}},"18":{"start":{"line":24,"column":0},"end":{"line":24,"column":56}},"19":{"start":{"line":25,"column":0},"end":{"line":25,"column":23}},"20":{"start":{"line":27,"column":0},"end":{"line":27,"column":27}},"21":{"start":{"line":28,"column":0},"end":{"line":30,"column":4}},"22":{"start":{"line":31,"column":0},"end":{"line":31,"column":24}},"23":{"start":{"line":32,"column":0},"end":{"line":36,"column":4}},"24":{"start":{"line":39,"column":0},"end":{"line":39,"column":31}},"25":{"start":{"line":40,"column":0},"end":{"line":40,"column":28}},"26":{"start":{"line":41,"column":0},"end":{"line":41,"column":36}},"27":{"start":{"line":42,"column":0},"end":{"line":42,"column":45}},"28":{"start":{"line":43,"column":0},"end":{"line":43,"column":49}},"29":{"start":{"line":45,"column":0},"end":{"line":45,"column":34}},"30":{"start":{"line":46,"column":0},"end":{"line":46,"column":38}},"31":{"start":{"line":48,"column":0},"end":{"line":50,"column":3}},"32":{"start":{"line":49,"column":2},"end":{"line":49,"column":21}},"33":{"start":{"line":52,"column":0},"end":{"line":54,"column":3}},"34":{"start":{"line":53,"column":2},"end":{"line":53,"column":53}},"35":{"start":{"line":56,"column":0},"end":{"line":56,"column":21}},"36":{"start":{"line":57,"column":0},"end":{"line":57,"column":30}},"37":{"start":{"line":58,"column":0},"end":{"line":58,"column":44}},"38":{"start":{"line":61,"column":0},"end":{"line":64,"column":3}},"39":{"start":{"line":62,"column":2},"end":{"line":62,"column":18}},"40":{"start":{"line":63,"column":2},"end":{"line":63,"column":24}},"41":{"start":{"line":66,"column":0},"end":{"line":66,"column":21}}},"branchMap":{}},"/Users/oskareriksson/repos/restaurant/models/User.js":{"path":"/Users/oskareriksson/repos/restaurant/models/User.js","s":{"1":1,"2":1,"3":1,"4":1,"5":1,"6":1},"b":{},"f":{},"fnMap":{},"statementMap":{"1":{"start":{"line":1,"column":0},"end":{"line":1,"column":37}},"2":{"start":{"line":2,"column":0},"end":{"line":2,"column":31}},"3":{"start":{"line":3,"column":0},"end":{"line":3,"column":65}},"4":{"start":{"line":5,"column":0},"end":{"line":8,"column":3}},"5":{"start":{"line":10,"column":0},"end":{"line":10,"column":35}},"6":{"start":{"line":12,"column":0},"end":{"line":12,"column":46}}},"branchMap":{}},"/Users/oskareriksson/repos/restaurant/routes/routes.js":{"path":"/Users/oskareriksson/repos/restaurant/routes/routes.js","s":{"1":1,"2":1,"3":1,"4":1,"5":1,"6":1},"b":{},"f":{},"fnMap":{},"statementMap":{"1":{"start":{"line":1,"column":0},"end":{"line":1,"column":43}},"2":{"start":{"line":4,"column":0},"end":{"line":8,"column":3}},"3":{"start":{"line":5,"column":2},"end":{"line":7,"column":5}},"4":{"start":{"line":11,"column":0},"end":{"line":15,"column":3}},"5":{"start":{"line":12,"column":2},"end":{"line":14,"column":5}},"6":{"start":{"line":17,"column":0},"end":{"line":17,"column":24}}},"branchMap":{}},"/Users/oskareriksson/repos/restaurant/routes/users.js":{"path":"/Users/oskareriksson/repos/restaurant/routes/users.js","s":{"1":1,"2":1,"3":1,"4":1,"5":0,"6":0,"7":0,"8":1,"9":1,"10":1,"11":1,"12":1,"13":1,"14":0,"15":1,"16":0,"17":0,"18":1,"19":1,"20":1,"21":0,"22":1,"23":1,"24":0,"25":1},"b":{"1":[0,0],"2":[1,0],"3":[0,1]},"f":{},"fnMap":{},"statementMap":{"1":{"start":{"line":1,"column":0},"end":{"line":1,"column":43}},"2":{"start":{"line":2,"column":0},"end":{"line":2,"column":37}},"3":{"start":{"line":3,"column":0},"end":{"line":3,"column":42}},"4":{"start":{"line":6,"column":0},"end":{"line":9,"column":2}},"5":{"start":{"line":7,"column":2},"end":{"line":7,"column":42}},"6":{"start":{"line":7,"column":28},"end":{"line":7,"column":42}},"7":{"start":{"line":8,"column":2},"end":{"line":8,"column":20}},"8":{"start":{"line":12,"column":0},"end":{"line":16,"column":3}},"9":{"start":{"line":13,"column":2},"end":{"line":15,"column":5}},"10":{"start":{"line":19,"column":0},"end":{"line":31,"column":3}},"11":{"start":{"line":20,"column":2},"end":{"line":30,"column":7}},"12":{"start":{"line":25,"column":6},"end":{"line":29,"column":7}},"13":{"start":{"line":26,"column":8},"end":{"line":26,"column":24}},"14":{"start":{"line":28,"column":8},"end":{"line":28,"column":45}},"15":{"start":{"line":34,"column":0},"end":{"line":37,"column":3}},"16":{"start":{"line":35,"column":2},"end":{"line":35,"column":48}},"17":{"start":{"line":36,"column":2},"end":{"line":36,"column":20}},"18":{"start":{"line":40,"column":0},"end":{"line":45,"column":3}},"19":{"start":{"line":41,"column":2},"end":{"line":44,"column":5}},"20":{"start":{"line":42,"column":4},"end":{"line":42,"column":30}},"21":{"start":{"line":42,"column":14},"end":{"line":42,"column":30}},"22":{"start":{"line":43,"column":4},"end":{"line":43,"column":21}},"23":{"start":{"line":48,"column":0},"end":{"line":50,"column":3}},"24":{"start":{"line":49,"column":2},"end":{"line":49,"column":41}},"25":{"start":{"line":52,"column":0},"end":{"line":52,"column":24}}},"branchMap":{"1":{"line":7,"type":"if","locations":[{"start":{"line":7,"column":2},"end":{"line":7,"column":2}},{"start":{"line":7,"column":2},"end":{"line":7,"column":2}}]},"2":{"line":25,"type":"if","locations":[{"start":{"line":25,"column":6},"end":{"line":25,"column":6}},{"start":{"line":25,"column":6},"end":{"line":25,"column":6}}]},"3":{"line":42,"type":"if","locations":[{"start":{"line":42,"column":4},"end":{"line":42,"column":4}},{"start":{"line":42,"column":4},"end":{"line":42,"column":4}}]}}},"/Users/oskareriksson/repos/restaurant/routes/reservations.js":{"path":"/Users/oskareriksson/repos/restaurant/routes/reservations.js","s":{"1":1,"2":1,"3":1,"4":1,"5":1,"6":1,"7":1,"8":0,"9":1,"10":1},"b":{"1":[0,1]},"f":{},"fnMap":{},"statementMap":{"1":{"start":{"line":1,"column":0},"end":{"line":1,"column":43}},"2":{"start":{"line":2,"column":0},"end":{"line":2,"column":37}},"3":{"start":{"line":3,"column":0},"end":{"line":3,"column":56}},"4":{"start":{"line":4,"column":0},"end":{"line":4,"column":42}},"5":{"start":{"line":7,"column":0},"end":{"line":12,"column":3}},"6":{"start":{"line":8,"column":2},"end":{"line":11,"column":5}},"7":{"start":{"line":9,"column":4},"end":{"line":9,"column":30}},"8":{"start":{"line":9,"column":14},"end":{"line":9,"column":30}},"9":{"start":{"line":10,"column":4},"end":{"line":10,"column":21}},"10":{"start":{"line":14,"column":0},"end":{"line":14,"column":24}}},"branchMap":{"1":{"line":9,"type":"if","locations":[{"start":{"line":9,"column":4},"end":{"line":9,"column":4}},{"start":{"line":9,"column":4},"end":{"line":9,"column":4}}]}}},"/Users/oskareriksson/repos/restaurant/models/Reservation.js":{"path":"/Users/oskareriksson/repos/restaurant/models/Reservation.js","s":{"1":1,"2":1,"3":1,"4":1},"b":{},"f":{},"fnMap":{},"statementMap":{"1":{"start":{"line":1,"column":0},"end":{"line":1,"column":37}},"2":{"start":{"line":2,"column":0},"end":{"line":2,"column":31}},"3":{"start":{"line":4,"column":0},"end":{"line":7,"column":3}},"4":{"start":{"line":9,"column":0},"end":{"line":9,"column":60}}},"branchMap":{}}}