TN:
SF:/Users/oskareriksson/repos/restaurant/server.js
FN:61,(anonymous_1)
FNF:1
FNH:0
FNDA:0,(anonymous_1)
DA:1,1
DA:2,1
DA:3,1
DA:4,1
DA:5,1
DA:6,1
DA:7,1
DA:8,1
DA:9,1
DA:10,1
DA:11,1
DA:14,1
DA:17,1
DA:18,1
DA:19,1
DA:22,1
DA:23,1
DA:24,1
DA:25,1
DA:27,1
DA:28,1
DA:31,1
DA:32,1
DA:39,1
DA:40,1
DA:41,1
DA:42,1
DA:43,1
DA:45,1
DA:46,1
DA:48,1
DA:49,0
DA:52,1
DA:53,1
DA:56,1
DA:57,1
DA:58,1
DA:61,1
DA:62,0
DA:63,0
DA:66,1
LF:41
LH:38
BRF:0
BRH:0
end_of_record
TN:
SF:/Users/oskareriksson/repos/restaurant/models/User.js
FNF:0
FNH:0
DA:1,1
DA:2,1
DA:3,1
DA:5,1
DA:10,1
DA:12,1
LF:6
LH:6
BRF:0
BRH:0
end_of_record
TN:
SF:/Users/oskareriksson/repos/restaurant/routes/routes.js
FNF:0
FNH:0
DA:1,1
DA:4,1
DA:5,1
DA:11,1
DA:12,1
DA:17,1
LF:6
LH:6
BRF:0
BRH:0
end_of_record
TN:
SF:/Users/oskareriksson/repos/restaurant/routes/users.js
FNF:0
FNH:0
DA:1,1
DA:2,1
DA:3,1
DA:6,1
DA:7,0
DA:8,0
DA:12,1
DA:13,1
DA:19,1
DA:20,1
DA:25,1
DA:26,1
DA:28,0
DA:34,1
DA:35,0
DA:36,0
DA:40,1
DA:41,1
DA:42,1
DA:43,1
DA:48,1
DA:49,0
DA:52,1
LF:23
LH:17
BRDA:7,1,0,0
BRDA:7,1,1,0
BRDA:25,2,0,1
BRDA:25,2,1,0
BRDA:42,3,0,0
BRDA:42,3,1,1
BRF:6
BRH:2
end_of_record
TN:
SF:/Users/oskareriksson/repos/restaurant/routes/reservations.js
FNF:0
FNH:0
DA:1,1
DA:2,1
DA:3,1
DA:4,1
DA:7,1
DA:8,1
DA:9,1
DA:10,1
DA:14,1
LF:9
LH:9
BRDA:9,1,0,0
BRDA:9,1,1,1
BRF:2
BRH:1
end_of_record
TN:
SF:/Users/oskareriksson/repos/restaurant/models/Reservation.js
FNF:0
FNH:0
DA:1,1
DA:2,1
DA:4,1
DA:9,1
LF:4
LH:4
BRF:0
BRH:0
end_of_record
